<?xml version="1.0" encoding="UTF-8"?>
<!-- Generated by org.testng.reporters.JUnitReportReporter -->
<testsuite hostname="Adwitas-MacBook-Air.local" failures="0" tests="1" name="test.Amz_search" time="79.084" errors="0" timestamp="2024-01-30T23:10:41 IST" skipped="0">
  <testcase classname="test.Amz_search" name="login_with_valid_credentials" time="79.084"/>
  <system-out/>
</testsuite> <!-- test.Amz_search -->
