<?xml version="1.0" encoding="UTF-8"?>
<!-- Generated by org.testng.reporters.JUnitReportReporter -->
<testsuite hostname="Adwitas-MacBook-Air.local" failures="0" tests="1" name="test.Amz_Login_01" time="18.641" errors="0" timestamp="2024-02-04T20:49:20 IST" skipped="0">
  <testcase classname="test.Amz_Login_01" name="login_with_valid_credentials" time="18.641"/>
  <system-out/>
</testsuite> <!-- test.Amz_Login_01 -->
