<?xml version="1.0" encoding="UTF-8"?>
<!-- Generated by org.testng.reporters.JUnitReportReporter -->
<testsuite hostname="Adwitas-MacBook-Air.local" failures="0" tests="1" name="test.testcase" time="28.084" errors="0" timestamp="2024-01-30T23:01:31 IST" skipped="0">
  <testcase classname="test.testcase" name="login_with_valid_credentials" time="28.084"/>
  <system-out/>
</testsuite> <!-- test.testcase -->
